⨯ ./src/features/tasks/components/TasksBoard.tsx:9:1
Module not found: Can't resolve '@/components/TaskDetailContent'
[0m [90m  7 |[39m [36mimport[39m { analyzeTaskIntake[33m,[39m createTask[33m,[39m refineTaskIntake } [36mfrom[39m [32m"@/lib/api"[39m[33m;[39m
 [90m  8 |[39m [36mimport[39m { [33mTaskCard[39m } [36mfrom[39m [32m"@/components/TaskCard"[39m[33m;[39m
[31m[1m>[22m[39m[90m  9 |[39m [36mimport[39m { [33mTaskDetailContent[39m } [36mfrom[39m [32m"@/components/TaskDetailContent"[39m[33m;[39m
 [90m    |[39m [31m[1m^[22m[39m[31m[1m^[22m[39m[31m[1m^[22m[39m[31m[1m^[22m[39m[31m[1m^[22m[39m[31m[1m^[22m[39m[31m[1m^[22m[39m[31m[1m^[22m[39m[31m[1m^[22m[39m[31m[1m^[22m[39m[31m[1m^[22m[39m[31m[1m^[22m[39m[31m[1m^[22m[39m[31m[1m^[22m[39m[31m[1m^[22m[39m[31m[1m^[22m[39m[31m[1m^[22m[39m[31m[1m^[22m[39m[31m[1m^[22m[39m[31m[1m^[22m[39m[31m[1m^[22m[39m[31m[1m^[22m[39m[31m[1m^[22m[39m[31m[1m^[22m[39m[31m[1m^[22m[39m[31m[1m^[22m[39m[31m[1m^[22m[39m[31m[1m^[22m[39m[31m[1m^[22m[39m[31m[1m^[22m[39m[31m[1m^[22m[39m[31m[1m^[22m[39m[31m[1m^[22m[39m[31m[1m^[22m[39m[31m[1m^[22m[39m[31m[1m^[22m[39m[31m[1m^[22m[39m[31m[1m^[22m[39m[31m[1m^[22m[39m[31m[1m^[22m[39m[31m[1m^[22m[39m[31m[1m^[22m[39m[31m[1m^[22m[39m[31m[1m^[22m[39m[31m[1m^[22m[39m[31m[1m^[22m[39m[31m[1m^[22m[39m[31m[1m^[22m[39m[31m[1m^[22m[39m[31m[1m^[22m[39m[31m[1m^[22m[39m[31m[1m^[22m[39m[31m[1m^[22m[39m[31m[1m^[22m[39m[31m[1m^[22m[39m[31m[1m^[22m[39m[31m[1m^[22m[39m[31m[1m^[22m[39m[31m[1m^[22m[39m[31m[1m^[22m[39m[31m[1m^[22m[39m[31m[1m^[22m[39m[31m[1m^[22m[39m[31m[1m^[22m[39m[31m[1m^[22m[39m[31m[1m^[22m[39m[31m[1m^[22m[39m
 [90m 10 |[39m [36mimport[39m { formatKSTDateTime[33m,[39m parseBackendTimestamp } [36mfrom[39m [32m"@/lib/time"[39m[33m;[39m
 [90m 11 |[39m [36mimport[39m type {
 [90m 12 |[39m   [33mTaskIntakeDraft[39m[33m,[39m[0m

Import map: aliased to relative './src/components/TaskDetailContent' inside of [project]/


Import trace:
  Server Component:
    ./src/features/tasks/components/TasksBoard.tsx
    ./src/app/tasks/page.tsx

https://nextjs.org/docs/messages/module-not-found


⨯ ./src/features/tasks/components/TasksBoard.tsx:9:1
Module not found: Can't resolve '@/components/TaskDetailContent'
[0m [90m  7 |[39m [36mimport[39m { analyzeTaskIntake[33m,[39m createTask[33m,[39m refineTaskIntake } [36mfrom[39m [32m"@/lib/api"[39m[33m;[39m
 [90m  8 |[39m [36mimport[39m { [33mTaskCard[39m } [36mfrom[39m [32m"@/components/TaskCard"[39m[33m;[39m
[31m[1m>[22m[39m[90m  9 |[39m [36mimport[39m { [33mTaskDetailContent[39m } [36mfrom[39m [32m"@/components/TaskDetailContent"[39m[33m;[39m
 [90m    |[39m [31m[1m^[22m[39m[31m[1m^[22m[39m[31m[1m^[22m[39m[31m[1m^[22m[39m[31m[1m^[22m[39m[31m[1m^[22m[39m[31m[1m^[22m[39m[31m[1m^[22m[39m[31m[1m^[22m[39m[31m[1m^[22m[39m[31m[1m^[22m[39m[31m[1m^[22m[39m[31m[1m^[22m[39m[31m[1m^[22m[39m[31m[1m^[22m[39m[31m[1m^[22m[39m[31m[1m^[22m[39m[31m[1m^[22m[39m[31m[1m^[22m[39m[31m[1m^[22m[39m[31m[1m^[22m[39m[31m[1m^[22m[39m[31m[1m^[22m[39m[31m[1m^[22m[39m[31m[1m^[22m[39m[31m[1m^[22m[39m[31m[1m^[22m[39m[31m[1m^[22m[39m[31m[1m^[22m[39m[31m[1m^[22m[39m[31m[1m^[22m[39m[31m[1m^[22m[39m[31m[1m^[22m[39m[31m[1m^[22m[39m[31m[1m^[22m[39m[31m[1m^[22m[39m[31m[1m^[22m[39m[31m[1m^[22m[39m[31m[1m^[22m[39m[31m[1m^[22m[39m[31m[1m^[22m[39m[31m[1m^[22m[39m[31m[1m^[22m[39m[31m[1m^[22m[39m[31m[1m^[22m[39m[31m[1m^[22m[39m[31m[1m^[22m[39m[31m[1m^[22m[39m[31m[1m^[22m[39m[31m[1m^[22m[39m[31m[1m^[22m[39m[31m[1m^[22m[39m[31m[1m^[22m[39m[31m[1m^[22m[39m[31m[1m^[22m[39m[31m[1m^[22m[39m[31m[1m^[22m[39m[31m[1m^[22m[39m[31m[1m^[22m[39m[31m[1m^[22m[39m[31m[1m^[22m[39m[31m[1m^[22m[39m[31m[1m^[22m[39m[31m[1m^[22m[39m[31m[1m^[22m[39m[31m[1m^[22m[39m[31m[1m^[22m[39m
 [90m 10 |[39m [36mimport[39m { formatKSTDateTime[33m,[39m parseBackendTimestamp } [36mfrom[39m [32m"@/lib/time"[39m[33m;[39m
 [90m 11 |[39m [36mimport[39m type {
 [90m 12 |[39m   [33mTaskIntakeDraft[39m[33m,[39m[0m

Import map: aliased to relative './src/components/TaskDetailContent' inside of [project]/


Import trace:
  Server Component:
    ./src/features/tasks/components/TasksBoard.tsx
    ./src/app/tasks/page.tsx

https://nextjs.org/docs/messages/module-not-found


⨯ ./src/features/tasks/components/TasksBoard.tsx:9:1
Module not found: Can't resolve '@/components/TaskDetailContent'
[0m [90m  7 |[39m [36mimport[39m { analyzeTaskIntake[33m,[39m createTask[33m,[39m refineTaskIntake } [36mfrom[39m [32m"@/lib/api"[39m[33m;[39m
 [90m  8 |[39m [36mimport[39m { [33mTaskCard[39m } [36mfrom[39m [32m"@/components/TaskCard"[39m[33m;[39m
[31m[1m>[22m[39m[90m  9 |[39m [36mimport[39m { [33mTaskDetailContent[39m } [36mfrom[39m [32m"@/components/TaskDetailContent"[39m[33m;[39m
 [90m    |[39m [31m[1m^[22m[39m[31m[1m^[22m[39m[31m[1m^[22m[39m[31m[1m^[22m[39m[31m[1m^[22m[39m[31m[1m^[22m[39m[31m[1m^[22m[39m[31m[1m^[22m[39m[31m[1m^[22m[39m[31m[1m^[22m[39m[31m[1m^[22m[39m[31m[1m^[22m[39m[31m[1m^[22m[39m[31m[1m^[22m[39m[31m[1m^[22m[39m[31m[1m^[22m[39m[31m[1m^[22m[39m[31m[1m^[22m[39m[31m[1m^[22m[39m[31m[1m^[22m[39m[31m[1m^[22m[39m[31m[1m^[22m[39m[31m[1m^[22m[39m[31m[1m^[22m[39m[31m[1m^[22m[39m[31m[1m^[22m[39m[31m[1m^[22m[39m[31m[1m^[22m[39m[31m[1m^[22m[39m[31m[1m^[22m[39m[31m[1m^[22m[39m[31m[1m^[22m[39m[31m[1m^[22m[39m[31m[1m^[22m[39m[31m[1m^[22m[39m[31m[1m^[22m[39m[31m[1m^[22m[39m[31m[1m^[22m[39m[31m[1m^[22m[39m[31m[1m^[22m[39m[31m[1m^[22m[39m[31m[1m^[22m[39m[31m[1m^[22m[39m[31m[1m^[22m[39m[31m[1m^[22m[39m[31m[1m^[22m[39m[31m[1m^[22m[39m[31m[1m^[22m[39m[31m[1m^[22m[39m[31m[1m^[22m[39m[31m[1m^[22m[39m[31m[1m^[22m[39m[31m[1m^[22m[39m[31m[1m^[22m[39m[31m[1m^[22m[39m[31m[1m^[22m[39m[31m[1m^[22m[39m[31m[1m^[22m[39m[31m[1m^[22m[39m[31m[1m^[22m[39m[31m[1m^[22m[39m[31m[1m^[22m[39m[31m[1m^[22m[39m[31m[1m^[22m[39m[31m[1m^[22m[39m[31m[1m^[22m[39m[31m[1m^[22m[39m
 [90m 10 |[39m [36mimport[39m { formatKSTDateTime[33m,[39m parseBackendTimestamp } [36mfrom[39m [32m"@/lib/time"[39m[33m;[39m
 [90m 11 |[39m [36mimport[39m type {
 [90m 12 |[39m   [33mTaskIntakeDraft[39m[33m,[39m[0m

Import map: aliased to relative './src/components/TaskDetailContent' inside of [project]/


Import trace:
  Server Component:
    ./src/features/tasks/components/TasksBoard.tsx
    ./src/app/tasks/page.tsx

https://nextjs.org/docs/messages/module-not-found


⨯ ./src/features/tasks/components/TasksBoard.tsx:9:1
Module not found: Can't resolve '@/components/TaskDetailContent'
[0m [90m  7 |[39m [36mimport[39m { analyzeTaskIntake[33m,[39m createTask[33m,[39m refineTaskIntake } [36mfrom[39m [32m"@/lib/api"[39m[33m;[39m
 [90m  8 |[39m [36mimport[39m { [33mTaskCard[39m } [36mfrom[39m [32m"@/components/TaskCard"[39m[33m;[39m
[31m[1m>[22m[39m[90m  9 |[39m [36mimport[39m { [33mTaskDetailContent[39m } [36mfrom[39m [32m"@/components/TaskDetailContent"[39m[33m;[39m
 [90m    |[39m [31m[1m^[22m[39m[31m[1m^[22m[39m[31m[1m^[22m[39m[31m[1m^[22m[39m[31m[1m^[22m[39m[31m[1m^[22m[39m[31m[1m^[22m[39m[31m[1m^[22m[39m[31m[1m^[22m[39m[31m[1m^[22m[39m[31m[1m^[22m[39m[31m[1m^[22m[39m[31m[1m^[22m[39m[31m[1m^[22m[39m[31m[1m^[22m[39m[31m[1m^[22m[39m[31m[1m^[22m[39m[31m[1m^[22m[39m[31m[1m^[22m[39m[31m[1m^[22m[39m[31m[1m^[22m[39m[31m[1m^[22m[39m[31m[1m^[22m[39m[31m[1m^[22m[39m[31m[1m^[22m[39m[31m[1m^[22m[39m[31m[1m^[22m[39m[31m[1m^[22m[39m[31m[1m^[22m[39m[31m[1m^[22m[39m[31m[1m^[22m[39m[31m[1m^[22m[39m[31m[1m^[22m[39m[31m[1m^[22m[39m[31m[1m^[22m[39m[31m[1m^[22m[39m[31m[1m^[22m[39m[31m[1m^[22m[39m[31m[1m^[22m[39m[31m[1m^[22m[39m[31m[1m^[22m[39m[31m[1m^[22m[39m[31m[1m^[22m[39m[31m[1m^[22m[39m[31m[1m^[22m[39m[31m[1m^[22m[39m[31m[1m^[22m[39m[31m[1m^[22m[39m[31m[1m^[22m[39m[31m[1m^[22m[39m[31m[1m^[22m[39m[31m[1m^[22m[39m[31m[1m^[22m[39m[31m[1m^[22m[39m[31m[1m^[22m[39m[31m[1m^[22m[39m[31m[1m^[22m[39m[31m[1m^[22m[39m[31m[1m^[22m[39m[31m[1m^[22m[39m[31m[1m^[22m[39m[31m[1m^[22m[39m[31m[1m^[22m[39m[31m[1m^[22m[39m[31m[1m^[22m[39m[31m[1m^[22m[39m[31m[1m^[22m[39m
 [90m 10 |[39m [36mimport[39m { formatKSTDateTime[33m,[39m parseBackendTimestamp } [36mfrom[39m [32m"@/lib/time"[39m[33m;[39m
 [90m 11 |[39m [36mimport[39m type {
 [90m 12 |[39m   [33mTaskIntakeDraft[39m[33m,[39m[0m

Import map: aliased to relative './src/components/TaskDetailContent' inside of [project]/


Import trace:
  Server Component:
    ./src/features/tasks/components/TasksBoard.tsx
    ./src/app/tasks/page.tsx

https://nextjs.org/docs/messages/module-not-found


⨯ ./src/features/tasks/components/TasksBoard.tsx:9:1
Module not found: Can't resolve '@/components/TaskDetailContent'
[0m [90m  7 |[39m [36mimport[39m { analyzeTaskIntake[33m,[39m createTask[33m,[39m refineTaskIntake } [36mfrom[39m [32m"@/lib/api"[39m[33m;[39m
 [90m  8 |[39m [36mimport[39m { [33mTaskCard[39m } [36mfrom[39m [32m"@/components/TaskCard"[39m[33m;[39m
[31m[1m>[22m[39m[90m  9 |[39m [36mimport[39m { [33mTaskDetailContent[39m } [36mfrom[39m [32m"@/components/TaskDetailContent"[39m[33m;[39m
 [90m    |[39m [31m[1m^[22m[39m[31m[1m^[22m[39m[31m[1m^[22m[39m[31m[1m^[22m[39m[31m[1m^[22m[39m[31m[1m^[22m[39m[31m[1m^[22m[39m[31m[1m^[22m[39m[31m[1m^[22m[39m[31m[1m^[22m[39m[31m[1m^[22m[39m[31m[1m^[22m[39m[31m[1m^[22m[39m[31m[1m^[22m[39m[31m[1m^[22m[39m[31m[1m^[22m[39m[31m[1m^[22m[39m[31m[1m^[22m[39m[31m[1m^[22m[39m[31m[1m^[22m[39m[31m[1m^[22m[39m[31m[1m^[22m[39m[31m[1m^[22m[39m[31m[1m^[22m[39m[31m[1m^[22m[39m[31m[1m^[22m[39m[31m[1m^[22m[39m[31m[1m^[22m[39m[31m[1m^[22m[39m[31m[1m^[22m[39m[31m[1m^[22m[39m[31m[1m^[22m[39m[31m[1m^[22m[39m[31m[1m^[22m[39m[31m[1m^[22m[39m[31m[1m^[22m[39m[31m[1m^[22m[39m[31m[1m^[22m[39m[31m[1m^[22m[39m[31m[1m^[22m[39m[31m[1m^[22m[39m[31m[1m^[22m[39m[31m[1m^[22m[39m[31m[1m^[22m[39m[31m[1m^[22m[39m[31m[1m^[22m[39m[31m[1m^[22m[39m[31m[1m^[22m[39m[31m[1m^[22m[39m[31m[1m^[22m[39m[31m[1m^[22m[39m[31m[1m^[22m[39m[31m[1m^[22m[39m[31m[1m^[22m[39m[31m[1m^[22m[39m[31m[1m^[22m[39m[31m[1m^[22m[39m[31m[1m^[22m[39m[31m[1m^[22m[39m[31m[1m^[22m[39m[31m[1m^[22m[39m[31m[1m^[22m[39m[31m[1m^[22m[39m[31m[1m^[22m[39m[31m[1m^[22m[39m[31m[1m^[22m[39m[31m[1m^[22m[39m
 [90m 10 |[39m [36mimport[39m { formatKSTDateTime[33m,[39m parseBackendTimestamp } [36mfrom[39m [32m"@/lib/time"[39m[33m;[39m
 [90m 11 |[39m [36mimport[39m type {
 [90m 12 |[39m   [33mTaskIntakeDraft[39m[33m,[39m[0m

Import map: aliased to relative './src/components/TaskDetailContent' inside of [project]/


Import trace:
  Server Component:
    ./src/features/tasks/components/TasksBoard.tsx
    ./src/app/tasks/page.tsx

https://nextjs.org/docs/messages/module-not-found


⨯ ./src/features/tasks/components/TasksBoard.tsx:9:1
Module not found: Can't resolve '@/components/TaskDetailContent'
[0m [90m  7 |[39m [36mimport[39m { analyzeTaskIntake[33m,[39m createTask[33m,[39m refineTaskIntake } [36mfrom[39m [32m"@/lib/api"[39m[33m;[39m
 [90m  8 |[39m [36mimport[39m { [33mTaskCard[39m } [36mfrom[39m [32m"@/components/TaskCard"[39m[33m;[39m
[31m[1m>[22m[39m[90m  9 |[39m [36mimport[39m { [33mTaskDetailContent[39m } [36mfrom[39m [32m"@/components/TaskDetailContent"[39m[33m;[39m
 [90m    |[39m [31m[1m^[22m[39m[31m[1m^[22m[39m[31m[1m^[22m[39m[31m[1m^[22m[39m[31m[1m^[22m[39m[31m[1m^[22m[39m[31m[1m^[22m[39m[31m[1m^[22m[39m[31m[1m^[22m[39m[31m[1m^[22m[39m[31m[1m^[22m[39m[31m[1m^[22m[39m[31m[1m^[22m[39m[31m[1m^[22m[39m[31m[1m^[22m[39m[31m[1m^[22m[39m[31m[1m^[22m[39m[31m[1m^[22m[39m[31m[1m^[22m[39m[31m[1m^[22m[39m[31m[1m^[22m[39m[31m[1m^[22m[39m[31m[1m^[22m[39m[31m[1m^[22m[39m[31m[1m^[22m[39m[31m[1m^[22m[39m[31m[1m^[22m[39m[31m[1m^[22m[39m[31m[1m^[22m[39m[31m[1m^[22m[39m[31m[1m^[22m[39m[31m[1m^[22m[39m[31m[1m^[22m[39m[31m[1m^[22m[39m[31m[1m^[22m[39m[31m[1m^[22m[39m[31m[1m^[22m[39m[31m[1m^[22m[39m[31m[1m^[22m[39m[31m[1m^[22m[39m[31m[1m^[22m[39m[31m[1m^[22m[39m[31m[1m^[22m[39m[31m[1m^[22m[39m[31m[1m^[22m[39m[31m[1m^[22m[39m[31m[1m^[22m[39m[31m[1m^[22m[39m[31m[1m^[22m[39m[31m[1m^[22m[39m[31m[1m^[22m[39m[31m[1m^[22m[39m[31m[1m^[22m[39m[31m[1m^[22m[39m[31m[1m^[22m[39m[31m[1m^[22m[39m[31m[1m^[22m[39m[31m[1m^[22m[39m[31m[1m^[22m[39m[31m[1m^[22m[39m[31m[1m^[22m[39m[31m[1m^[22m[39m[31m[1m^[22m[39m[31m[1m^[22m[39m[31m[1m^[22m[39m[31m[1m^[22m[39m[31m[1m^[22m[39m
 [90m 10 |[39m [36mimport[39m { formatKSTDateTime[33m,[39m parseBackendTimestamp } [36mfrom[39m [32m"@/lib/time"[39m[33m;[39m
 [90m 11 |[39m [36mimport[39m type {
 [90m 12 |[39m   [33mTaskIntakeDraft[39m[33m,[39m[0m

Import map: aliased to relative './src/components/TaskDetailContent' inside of [project]/


Import trace:
  Server Component:
    ./src/features/tasks/components/TasksBoard.tsx
    ./src/app/tasks/page.tsx

https://nextjs.org/docs/messages/module-not-found


⨯ ./src/features/tasks/components/TasksBoard.tsx:9:1
Module not found: Can't resolve '@/components/TaskDetailContent'
[0m [90m  7 |[39m [36mimport[39m { analyzeTaskIntake[33m,[39m createTask[33m,[39m refineTaskIntake } [36mfrom[39m [32m"@/lib/api"[39m[33m;[39m
 [90m  8 |[39m [36mimport[39m { [33mTaskCard[39m } [36mfrom[39m [32m"@/components/TaskCard"[39m[33m;[39m
[31m[1m>[22m[39m[90m  9 |[39m [36mimport[39m { [33mTaskDetailContent[39m } [36mfrom[39m [32m"@/components/TaskDetailContent"[39m[33m;[39m
 [90m    |[39m [31m[1m^[22m[39m[31m[1m^[22m[39m[31m[1m^[22m[39m[31m[1m^[22m[39m[31m[1m^[22m[39m[31m[1m^[22m[39m[31m[1m^[22m[39m[31m[1m^[22m[39m[31m[1m^[22m[39m[31m[1m^[22m[39m[31m[1m^[22m[39m[31m[1m^[22m[39m[31m[1m^[22m[39m[31m[1m^[22m[39m[31m[1m^[22m[39m[31m[1m^[22m[39m[31m[1m^[22m[39m[31m[1m^[22m[39m[31m[1m^[22m[39m[31m[1m^[22m[39m[31m[1m^[22m[39m[31m[1m^[22m[39m[31m[1m^[22m[39m[31m[1m^[22m[39m[31m[1m^[22m[39m[31m[1m^[22m[39m[31m[1m^[22m[39m[31m[1m^[22m[39m[31m[1m^[22m[39m[31m[1m^[22m[39m[31m[1m^[22m[39m[31m[1m^[22m[39m[31m[1m^[22m[39m[31m[1m^[22m[39m[31m[1m^[22m[39m[31m[1m^[22m[39m[31m[1m^[22m[39m[31m[1m^[22m[39m[31m[1m^[22m[39m[31m[1m^[22m[39m[31m[1m^[22m[39m[31m[1m^[22m[39m[31m[1m^[22m[39m[31m[1m^[22m[39m[31m[1m^[22m[39m[31m[1m^[22m[39m[31m[1m^[22m[39m[31m[1m^[22m[39m[31m[1m^[22m[39m[31m[1m^[22m[39m[31m[1m^[22m[39m[31m[1m^[22m[39m[31m[1m^[22m[39m[31m[1m^[22m[39m[31m[1m^[22m[39m[31m[1m^[22m[39m[31m[1m^[22m[39m[31m[1m^[22m[39m[31m[1m^[22m[39m[31m[1m^[22m[39m[31m[1m^[22m[39m[31m[1m^[22m[39m[31m[1m^[22m[39m[31m[1m^[22m[39m[31m[1m^[22m[39m[31m[1m^[22m[39m[31m[1m^[22m[39m
 [90m 10 |[39m [36mimport[39m { formatKSTDateTime[33m,[39m parseBackendTimestamp } [36mfrom[39m [32m"@/lib/time"[39m[33m;[39m
 [90m 11 |[39m [36mimport[39m type {
 [90m 12 |[39m   [33mTaskIntakeDraft[39m[33m,[39m[0m

Import map: aliased to relative './src/components/TaskDetailContent' inside of [project]/


Import trace:
  Server Component:
    ./src/features/tasks/components/TasksBoard.tsx
    ./src/app/tasks/page.tsx

https://nextjs.org/docs/messages/module-not-found


⨯ ./src/features/tasks/components/TasksBoard.tsx:9:1
Module not found: Can't resolve '@/components/TaskDetailContent'
[0m [90m  7 |[39m [36mimport[39m { analyzeTaskIntake[33m,[39m createTask[33m,[39m refineTaskIntake } [36mfrom[39m [32m"@/lib/api"[39m[33m;[39m
 [90m  8 |[39m [36mimport[39m { [33mTaskCard[39m } [36mfrom[39m [32m"@/components/TaskCard"[39m[33m;[39m
[31m[1m>[22m[39m[90m  9 |[39m [36mimport[39m { [33mTaskDetailContent[39m } [36mfrom[39m [32m"@/components/TaskDetailContent"[39m[33m;[39m
 [90m    |[39m [31m[1m^[22m[39m[31m[1m^[22m[39m[31m[1m^[22m[39m[31m[1m^[22m[39m[31m[1m^[22m[39m[31m[1m^[22m[39m[31m[1m^[22m[39m[31m[1m^[22m[39m[31m[1m^[22m[39m[31m[1m^[22m[39m[31m[1m^[22m[39m[31m[1m^[22m[39m[31m[1m^[22m[39m[31m[1m^[22m[39m[31m[1m^[22m[39m[31m[1m^[22m[39m[31m[1m^[22m[39m[31m[1m^[22m[39m[31m[1m^[22m[39m[31m[1m^[22m[39m[31m[1m^[22m[39m[31m[1m^[22m[39m[31m[1m^[22m[39m[31m[1m^[22m[39m[31m[1m^[22m[39m[31m[1m^[22m[39m[31m[1m^[22m[39m[31m[1m^[22m[39m[31m[1m^[22m[39m[31m[1m^[22m[39m[31m[1m^[22m[39m[31m[1m^[22m[39m[31m[1m^[22m[39m[31m[1m^[22m[39m[31m[1m^[22m[39m[31m[1m^[22m[39m[31m[1m^[22m[39m[31m[1m^[22m[39m[31m[1m^[22m[39m[31m[1m^[22m[39m[31m[1m^[22m[39m[31m[1m^[22m[39m[31m[1m^[22m[39m[31m[1m^[22m[39m[31m[1m^[22m[39m[31m[1m^[22m[39m[31m[1m^[22m[39m[31m[1m^[22m[39m[31m[1m^[22m[39m[31m[1m^[22m[39m[31m[1m^[22m[39m[31m[1m^[22m[39m[31m[1m^[22m[39m[31m[1m^[22m[39m[31m[1m^[22m[39m[31m[1m^[22m[39m[31m[1m^[22m[39m[31m[1m^[22m[39m[31m[1m^[22m[39m[31m[1m^[22m[39m[31m[1m^[22m[39m[31m[1m^[22m[39m[31m[1m^[22m[39m[31m[1m^[22m[39m[31m[1m^[22m[39m[31m[1m^[22m[39m[31m[1m^[22m[39m
 [90m 10 |[39m [36mimport[39m { formatKSTDateTime[33m,[39m parseBackendTimestamp } [36mfrom[39m [32m"@/lib/time"[39m[33m;[39m
 [90m 11 |[39m [36mimport[39m type {
 [90m 12 |[39m   [33mTaskIntakeDraft[39m[33m,[39m[0m

Import map: aliased to relative './src/components/TaskDetailContent' inside of [project]/


Import trace:
  Server Component:
    ./src/features/tasks/components/TasksBoard.tsx
    ./src/app/tasks/page.tsx

https://nextjs.org/docs/messages/module-not-found


⨯ ./src/features/tasks/components/TasksBoard.tsx:9:1
Module not found: Can't resolve '@/components/TaskDetailContent'
[0m [90m  7 |[39m [36mimport[39m { analyzeTaskIntake[33m,[39m createTask[33m,[39m refineTaskIntake } [36mfrom[39m [32m"@/lib/api"[39m[33m;[39m
 [90m  8 |[39m [36mimport[39m { [33mTaskCard[39m } [36mfrom[39m [32m"@/components/TaskCard"[39m[33m;[39m
[31m[1m>[22m[39m[90m  9 |[39m [36mimport[39m { [33mTaskDetailContent[39m } [36mfrom[39m [32m"@/components/TaskDetailContent"[39m[33m;[39m
 [90m    |[39m [31m[1m^[22m[39m[31m[1m^[22m[39m[31m[1m^[22m[39m[31m[1m^[22m[39m[31m[1m^[22m[39m[31m[1m^[22m[39m[31m[1m^[22m[39m[31m[1m^[22m[39m[31m[1m^[22m[39m[31m[1m^[22m[39m[31m[1m^[22m[39m[31m[1m^[22m[39m[31m[1m^[22m[39m[31m[1m^[22m[39m[31m[1m^[22m[39m[31m[1m^[22m[39m[31m[1m^[22m[39m[31m[1m^[22m[39m[31m[1m^[22m[39m[31m[1m^[22m[39m[31m[1m^[22m[39m[31m[1m^[22m[39m[31m[1m^[22m[39m[31m[1m^[22m[39m[31m[1m^[22m[39m[31m[1m^[22m[39m[31m[1m^[22m[39m[31m[1m^[22m[39m[31m[1m^[22m[39m[31m[1m^[22m[39m[31m[1m^[22m[39m[31m[1m^[22m[39m[31m[1m^[22m[39m[31m[1m^[22m[39m[31m[1m^[22m[39m[31m[1m^[22m[39m[31m[1m^[22m[39m[31m[1m^[22m[39m[31m[1m^[22m[39m[31m[1m^[22m[39m[31m[1m^[22m[39m[31m[1m^[22m[39m[31m[1m^[22m[39m[31m[1m^[22m[39m[31m[1m^[22m[39m[31m[1m^[22m[39m[31m[1m^[22m[39m[31m[1m^[22m[39m[31m[1m^[22m[39m[31m[1m^[22m[39m[31m[1m^[22m[39m[31m[1m^[22m[39m[31m[1m^[22m[39m[31m[1m^[22m[39m[31m[1m^[22m[39m[31m[1m^[22m[39m[31m[1m^[22m[39m[31m[1m^[22m[39m[31m[1m^[22m[39m[31m[1m^[22m[39m[31m[1m^[22m[39m[31m[1m^[22m[39m[31m[1m^[22m[39m[31m[1m^[22m[39m[31m[1m^[22m[39m[31m[1m^[22m[39m[31m[1m^[22m[39m
 [90m 10 |[39m [36mimport[39m { formatKSTDateTime[33m,[39m parseBackendTimestamp } [36mfrom[39m [32m"@/lib/time"[39m[33m;[39m
 [90m 11 |[39m [36mimport[39m type {
 [90m 12 |[39m   [33mTaskIntakeDraft[39m[33m,[39m[0m

Import map: aliased to relative './src/components/TaskDetailContent' inside of [project]/


Import trace:
  Server Component:
    ./src/features/tasks/components/TasksBoard.tsx
    ./src/app/tasks/page.tsx

https://nextjs.org/docs/messages/module-not-found


⨯ ./src/features/tasks/components/TasksBoard.tsx:9:1
Module not found: Can't resolve '@/components/TaskDetailContent'
[0m [90m  7 |[39m [36mimport[39m { analyzeTaskIntake[33m,[39m createTask[33m,[39m refineTaskIntake } [36mfrom[39m [32m"@/lib/api"[39m[33m;[39m
 [90m  8 |[39m [36mimport[39m { [33mTaskCard[39m } [36mfrom[39m [32m"@/components/TaskCard"[39m[33m;[39m
[31m[1m>[22m[39m[90m  9 |[39m [36mimport[39m { [33mTaskDetailContent[39m } [36mfrom[39m [32m"@/components/TaskDetailContent"[39m[33m;[39m
 [90m    |[39m [31m[1m^[22m[39m[31m[1m^[22m[39m[31m[1m^[22m[39m[31m[1m^[22m[39m[31m[1m^[22m[39m[31m[1m^[22m[39m[31m[1m^[22m[39m[31m[1m^[22m[39m[31m[1m^[22m[39m[31m[1m^[22m[39m[31m[1m^[22m[39m[31m[1m^[22m[39m[31m[1m^[22m[39m[31m[1m^[22m[39m[31m[1m^[22m[39m[31m[1m^[22m[39m[31m[1m^[22m[39m[31m[1m^[22m[39m[31m[1m^[22m[39m[31m[1m^[22m[39m[31m[1m^[22m[39m[31m[1m^[22m[39m[31m[1m^[22m[39m[31m[1m^[22m[39m[31m[1m^[22m[39m[31m[1m^[22m[39m[31m[1m^[22m[39m[31m[1m^[22m[39m[31m[1m^[22m[39m[31m[1m^[22m[39m[31m[1m^[22m[39m[31m[1m^[22m[39m[31m[1m^[22m[39m[31m[1m^[22m[39m[31m[1m^[22m[39m[31m[1m^[22m[39m[31m[1m^[22m[39m[31m[1m^[22m[39m[31m[1m^[22m[39m[31m[1m^[22m[39m[31m[1m^[22m[39m[31m[1m^[22m[39m[31m[1m^[22m[39m[31m[1m^[22m[39m[31m[1m^[22m[39m[31m[1m^[22m[39m[31m[1m^[22m[39m[31m[1m^[22m[39m[31m[1m^[22m[39m[31m[1m^[22m[39m[31m[1m^[22m[39m[31m[1m^[22m[39m[31m[1m^[22m[39m[31m[1m^[22m[39m[31m[1m^[22m[39m[31m[1m^[22m[39m[31m[1m^[22m[39m[31m[1m^[22m[39m[31m[1m^[22m[39m[31m[1m^[22m[39m[31m[1m^[22m[39m[31m[1m^[22m[39m[31m[1m^[22m[39m[31m[1m^[22m[39m[31m[1m^[22m[39m[31m[1m^[22m[39m[31m[1m^[22m[39m
 [90m 10 |[39m [36mimport[39m { formatKSTDateTime[33m,[39m parseBackendTimestamp } [36mfrom[39m [32m"@/lib/time"[39m[33m;[39m
 [90m 11 |[39m [36mimport[39m type {
 [90m 12 |[39m   [33mTaskIntakeDraft[39m[33m,[39m[0m

Import map: aliased to relative './src/components/TaskDetailContent' inside of [project]/


Import trace:
  Server Component:
    ./src/features/tasks/components/TasksBoard.tsx
    ./src/app/tasks/page.tsx

https://nextjs.org/docs/messages/module-not-found


⨯ ./src/features/tasks/components/TasksBoard.tsx:9:1
Module not found: Can't resolve '@/components/TaskDetailContent'
[0m [90m  7 |[39m [36mimport[39m { analyzeTaskIntake[33m,[39m createTask[33m,[39m refineTaskIntake } [36mfrom[39m [32m"@/lib/api"[39m[33m;[39m
 [90m  8 |[39m [36mimport[39m { [33mTaskCard[39m } [36mfrom[39m [32m"@/components/TaskCard"[39m[33m;[39m
[31m[1m>[22m[39m[90m  9 |[39m [36mimport[39m { [33mTaskDetailContent[39m } [36mfrom[39m [32m"@/components/TaskDetailContent"[39m[33m;[39m
 [90m    |[39m [31m[1m^[22m[39m[31m[1m^[22m[39m[31m[1m^[22m[39m[31m[1m^[22m[39m[31m[1m^[22m[39m[31m[1m^[22m[39m[31m[1m^[22m[39m[31m[1m^[22m[39m[31m[1m^[22m[39m[31m[1m^[22m[39m[31m[1m^[22m[39m[31m[1m^[22m[39m[31m[1m^[22m[39m[31m[1m^[22m[39m[31m[1m^[22m[39m[31m[1m^[22m[39m[31m[1m^[22m[39m[31m[1m^[22m[39m[31m[1m^[22m[39m[31m[1m^[22m[39m[31m[1m^[22m[39m[31m[1m^[22m[39m[31m[1m^[22m[39m[31m[1m^[22m[39m[31m[1m^[22m[39m[31m[1m^[22m[39m[31m[1m^[22m[39m[31m[1m^[22m[39m[31m[1m^[22m[39m[31m[1m^[22m[39m[31m[1m^[22m[39m[31m[1m^[22m[39m[31m[1m^[22m[39m[31m[1m^[22m[39m[31m[1m^[22m[39m[31m[1m^[22m[39m[31m[1m^[22m[39m[31m[1m^[22m[39m[31m[1m^[22m[39m[31m[1m^[22m[39m[31m[1m^[22m[39m[31m[1m^[22m[39m[31m[1m^[22m[39m[31m[1m^[22m[39m[31m[1m^[22m[39m[31m[1m^[22m[39m[31m[1m^[22m[39m[31m[1m^[22m[39m[31m[1m^[22m[39m[31m[1m^[22m[39m[31m[1m^[22m[39m[31m[1m^[22m[39m[31m[1m^[22m[39m[31m[1m^[22m[39m[31m[1m^[22m[39m[31m[1m^[22m[39m[31m[1m^[22m[39m[31m[1m^[22m[39m[31m[1m^[22m[39m[31m[1m^[22m[39m[31m[1m^[22m[39m[31m[1m^[22m[39m[31m[1m^[22m[39m[31m[1m^[22m[39m[31m[1m^[22m[39m[31m[1m^[22m[39m[31m[1m^[22m[39m
 [90m 10 |[39m [36mimport[39m { formatKSTDateTime[33m,[39m parseBackendTimestamp } [36mfrom[39m [32m"@/lib/time"[39m[33m;[39m
 [90m 11 |[39m [36mimport[39m type {
 [90m 12 |[39m   [33mTaskIntakeDraft[39m[33m,[39m[0m

Import map: aliased to relative './src/components/TaskDetailContent' inside of [project]/


Import trace:
  Server Component:
    ./src/features/tasks/components/TasksBoard.tsx
    ./src/app/tasks/page.tsx

https://nextjs.org/docs/messages/module-not-found


⨯ ./src/features/tasks/components/TasksBoard.tsx:9:1
Module not found: Can't resolve '@/components/TaskDetailContent'
[0m [90m  7 |[39m [36mimport[39m { analyzeTaskIntake[33m,[39m createTask[33m,[39m refineTaskIntake } [36mfrom[39m [32m"@/lib/api"[39m[33m;[39m
 [90m  8 |[39m [36mimport[39m { [33mTaskCard[39m } [36mfrom[39m [32m"@/components/TaskCard"[39m[33m;[39m
[31m[1m>[22m[39m[90m  9 |[39m [36mimport[39m { [33mTaskDetailContent[39m } [36mfrom[39m [32m"@/components/TaskDetailContent"[39m[33m;[39m
 [90m    |[39m [31m[1m^[22m[39m[31m[1m^[22m[39m[31m[1m^[22m[39m[31m[1m^[22m[39m[31m[1m^[22m[39m[31m[1m^[22m[39m[31m[1m^[22m[39m[31m[1m^[22m[39m[31m[1m^[22m[39m[31m[1m^[22m[39m[31m[1m^[22m[39m[31m[1m^[22m[39m[31m[1m^[22m[39m[31m[1m^[22m[39m[31m[1m^[22m[39m[31m[1m^[22m[39m[31m[1m^[22m[39m[31m[1m^[22m[39m[31m[1m^[22m[39m[31m[1m^[22m[39m[31m[1m^[22m[39m[31m[1m^[22m[39m[31m[1m^[22m[39m[31m[1m^[22m[39m[31m[1m^[22m[39m[31m[1m^[22m[39m[31m[1m^[22m[39m[31m[1m^[22m[39m[31m[1m^[22m[39m[31m[1m^[22m[39m[31m[1m^[22m[39m[31m[1m^[22m[39m[31m[1m^[22m[39m[31m[1m^[22m[39m[31m[1m^[22m[39m[31m[1m^[22m[39m[31m[1m^[22m[39m[31m[1m^[22m[39m[31m[1m^[22m[39m[31m[1m^[22m[39m[31m[1m^[22m[39m[31m[1m^[22m[39m[31m[1m^[22m[39m[31m[1m^[22m[39m[31m[1m^[22m[39m[31m[1m^[22m[39m[31m[1m^[22m[39m[31m[1m^[22m[39m[31m[1m^[22m[39m[31m[1m^[22m[39m[31m[1m^[22m[39m[31m[1m^[22m[39m[31m[1m^[22m[39m[31m[1m^[22m[39m[31m[1m^[22m[39m[31m[1m^[22m[39m[31m[1m^[22m[39m[31m[1m^[22m[39m[31m[1m^[22m[39m[31m[1m^[22m[39m[31m[1m^[22m[39m[31m[1m^[22m[39m[31m[1m^[22m[39m[31m[1m^[22m[39m[31m[1m^[22m[39m[31m[1m^[22m[39m[31m[1m^[22m[39m
 [90m 10 |[39m [36mimport[39m { formatKSTDateTime[33m,[39m parseBackendTimestamp } [36mfrom[39m [32m"@/lib/time"[39m[33m;[39m
 [90m 11 |[39m [36mimport[39m type {
 [90m 12 |[39m   [33mTaskIntakeDraft[39m[33m,[39m[0m

Import map: aliased to relative './src/components/TaskDetailContent' inside of [project]/


Import trace:
  Server Component:
    ./src/features/tasks/components/TasksBoard.tsx
    ./src/app/tasks/page.tsx

https://nextjs.org/docs/messages/module-not-found


